Using pre-set license
Built from '2020.3/release' branch; Version is '2020.3.12f1 (b3b2c6512326) revision 11776710'; Using compiler version '192528614'; Build Type 'Release'
OS: 'Windows 10 Pro; OS build 22621.2715; Version 2009; 64bit' Language: 'en' Physical Memory: 15775 MB
BatchMode: 1, IsHumanControllingUs: 0, StartBugReporterOnCrash: 0, Is64bit: 1, IsPro: 0

 COMMAND LINE ARGUMENTS:
C:\Program Files\Unity\Hub\Editor\2020.3.12f1\Editor\Unity.exe
-adb2
-batchMode
-noUpm
-name
AssetImportWorker0
-projectPath
C:/Users/Code Ninjas/Documents/GitHub/MH-CloudHopPY/DBS4-KO
-logFile
Logs/AssetImportWorker0.log
-srvPort
58074
Successfully changed project path to: C:/Users/Code Ninjas/Documents/GitHub/MH-CloudHopPY/DBS4-KO
C:/Users/Code Ninjas/Documents/GitHub/MH-CloudHopPY/DBS4-KO
Using Asset Import Pipeline V2.
Refreshing native plugins compatible for Editor in 28.92 ms, found 2 plugins.
Preloading 0 native plugins for Editor in 0.00 ms.
Initialize engine version: 2020.3.12f1 (b3b2c6512326)
[Subsystems] Discovering subsystems at path C:/Program Files/Unity/Hub/Editor/2020.3.12f1/Editor/Data/Resources/UnitySubsystems
[Subsystems] Discovering subsystems at path C:/Users/Code Ninjas/Documents/GitHub/MH-CloudHopPY/DBS4-KO/Assets
GfxDevice: creating device client; threaded=0
Direct3D:
    Version:  Direct3D 11.0 [level 11.1]
    Renderer: NVIDIA GeForce RTX 3050 Ti Laptop GPU (ID=0x25a0)
    Vendor:   
    VRAM:     3990 MB
    Driver:   30.0.15.1169
Initialize mono
Mono path[0] = 'C:/Program Files/Unity/Hub/Editor/2020.3.12f1/Editor/Data/Managed'
Mono path[1] = 'C:/Program Files/Unity/Hub/Editor/2020.3.12f1/Editor/Data/MonoBleedingEdge/lib/mono/unityjit'
Mono config path = 'C:/Program Files/Unity/Hub/Editor/2020.3.12f1/Editor/Data/MonoBleedingEdge/etc'
Using monoOptions --debugger-agent=transport=dt_socket,embedding=1,server=y,suspend=n,address=127.0.0.1:56108
Begin MonoManager ReloadAssembly
Registering precompiled unity dll's ...
Register platform support module: C:/Program Files/Unity/Hub/Editor/2020.3.12f1/Editor/Data/PlaybackEngines/WindowsStandaloneSupport/UnityEditor.WindowsStandalone.Extensions.dll
Registered in 0.002798 seconds.
Native extension for WindowsStandalone target not found
Refreshing native plugins compatible for Editor in 24.58 ms, found 2 plugins.
Preloading 0 native plugins for Editor in 0.00 ms.
Mono: successfully reloaded assembly
- Completed reload, in  1.141 seconds
Platform modules already initialized, skipping
Registering precompiled user dll's ...
Registered in 0.005907 seconds.
Begin MonoManager ReloadAssembly
Native extension for WindowsStandalone target not found
Refreshing native plugins compatible for Editor in 0.37 ms, found 2 plugins.
Preloading 0 native plugins for Editor in 0.00 ms.
Mono: successfully reloaded assembly
- Completed reload, in  0.882 seconds
Platform modules already initialized, skipping
========================================================================
Worker process is ready to serve import requests
Launched and connected shader compiler UnityShaderCompiler.exe after 0.05 seconds
Refreshing native plugins compatible for Editor in 0.35 ms, found 2 plugins.
Preloading 0 native plugins for Editor in 0.00 ms.
Unloading 1395 Unused Serialized files (Serialized files now loaded: 0)
System memory in use before: 64.9 MB.
System memory in use after: 64.9 MB.

Unloading 19 unused Assets to reduce memory usage. Loaded Objects now: 1828.
Total: 2.809900 ms (FindLiveObjects: 0.147600 ms CreateObjectMapping: 0.073900 ms MarkObjects: 2.507300 ms  DeleteObjects: 0.080000 ms)

AssetImportParameters requested are different than current active one (requested -> active):
  custom:framework-win-MediaFoundation: 216162199b28c13a410421893ffa2e32 -> 
  custom:video-decoder-ogg-theora: a1e56fd34408186e4bbccfd4996cb3dc -> 
  custom:container-muxer-webm: aa71ff27fc2769a1b78a27578f13a17b -> 
  custom:container-demuxer-webm: 4f35f7cbe854078d1ac9338744f61a02 -> 
  custom:container-demuxer-ogg: 62fdf1f143b41e24485cea50d1cbac27 -> 
  custom:video-encoder-webm-vp8: eb34c28f22e8b96e1ab97ce403110664 -> 
  custom:video-decoder-webm-vp8: 9c59270c3fd7afecdb556c50c9e8de78 -> 
  custom:audio-decoder-ogg-vorbis: bf7c407c2cedff20999df2af8eb42d56 -> 
  custom:audio-encoder-webm-vorbis: bf7c407c2cedff20999df2af8eb42d56 -> 
========================================================================
Received Import Request.
  path: Assets/Prefabs/Rocket.prefab
  artifactKey: Guid(82169fb5eac75114e9dae4d2dd916e6f) Importer(815301076,1909f56bfc062723c751e8b465ee728b)
Start importing Assets/Prefabs/Rocket.prefab using Guid(82169fb5eac75114e9dae4d2dd916e6f) Importer(815301076,1909f56bfc062723c751e8b465ee728b)  -> (artifact id: 'd05e415a1a70a9735edf6be68e94b522') in 0.296540 seconds 
  Import took 0.299471 seconds .

========================================================================
Received Import Request.
  Time since last request: 0.000255 seconds.
  path: Assets/Prefabs/Bomb.prefab
  artifactKey: Guid(88e91f45e4952834ba82932579e2711e) Importer(815301076,1909f56bfc062723c751e8b465ee728b)
Start importing Assets/Prefabs/Bomb.prefab using Guid(88e91f45e4952834ba82932579e2711e) Importer(815301076,1909f56bfc062723c751e8b465ee728b)  -> (artifact id: '2d08c671f9bb555da23553b62af2be88') in 0.020317 seconds 
  Import took 0.022499 seconds .

========================================================================
Received Prepare
Registering precompiled user dll's ...
Registered in 0.012694 seconds.
Begin MonoManager ReloadAssembly
Native extension for WindowsStandalone target not found
Refreshing native plugins compatible for Editor in 0.37 ms, found 2 plugins.
Preloading 0 native plugins for Editor in 0.00 ms.
Mono: successfully reloaded assembly
- Completed reload, in  0.872 seconds
Platform modules already initialized, skipping
Refreshing native plugins compatible for Editor in 0.34 ms, found 2 plugins.
Preloading 0 native plugins for Editor in 0.00 ms.
Unloading 1390 Unused Serialized files (Serialized files now loaded: 0)
System memory in use before: 68.0 MB.
System memory in use after: 68.1 MB.

Unloading 14 unused Assets to reduce memory usage. Loaded Objects now: 1839.
Total: 2.097100 ms (FindLiveObjects: 0.157700 ms CreateObjectMapping: 0.048500 ms MarkObjects: 1.832000 ms  DeleteObjects: 0.058300 ms)

AssetImportParameters requested are different than current active one (requested -> active):
  custom:framework-win-MediaFoundation: 216162199b28c13a410421893ffa2e32 -> 
  custom:video-decoder-ogg-theora: a1e56fd34408186e4bbccfd4996cb3dc -> 
  custom:container-muxer-webm: aa71ff27fc2769a1b78a27578f13a17b -> 
  custom:container-demuxer-webm: 4f35f7cbe854078d1ac9338744f61a02 -> 
  custom:container-demuxer-ogg: 62fdf1f143b41e24485cea50d1cbac27 -> 
  custom:video-encoder-webm-vp8: eb34c28f22e8b96e1ab97ce403110664 -> 
  custom:video-decoder-webm-vp8: 9c59270c3fd7afecdb556c50c9e8de78 -> 
  custom:audio-decoder-ogg-vorbis: bf7c407c2cedff20999df2af8eb42d56 -> 
  custom:audio-encoder-webm-vorbis: bf7c407c2cedff20999df2af8eb42d56 -> 
========================================================================
Received Prepare
Registering precompiled user dll's ...
Registered in 0.008059 seconds.
Begin MonoManager ReloadAssembly
Native extension for WindowsStandalone target not found
Refreshing native plugins compatible for Editor in 0.54 ms, found 2 plugins.
Preloading 0 native plugins for Editor in 0.00 ms.
Mono: successfully reloaded assembly
- Completed reload, in  0.915 seconds
Platform modules already initialized, skipping
Refreshing native plugins compatible for Editor in 0.35 ms, found 2 plugins.
Preloading 0 native plugins for Editor in 0.00 ms.
Unloading 1390 Unused Serialized files (Serialized files now loaded: 0)
System memory in use before: 68.0 MB.
System memory in use after: 68.1 MB.

Unloading 14 unused Assets to reduce memory usage. Loaded Objects now: 1842.
Total: 2.068600 ms (FindLiveObjects: 0.153400 ms CreateObjectMapping: 0.038800 ms MarkObjects: 1.810800 ms  DeleteObjects: 0.064400 ms)

AssetImportParameters requested are different than current active one (requested -> active):
  custom:framework-win-MediaFoundation: 216162199b28c13a410421893ffa2e32 -> 
  custom:video-decoder-ogg-theora: a1e56fd34408186e4bbccfd4996cb3dc -> 
  custom:container-muxer-webm: aa71ff27fc2769a1b78a27578f13a17b -> 
  custom:container-demuxer-webm: 4f35f7cbe854078d1ac9338744f61a02 -> 
  custom:container-demuxer-ogg: 62fdf1f143b41e24485cea50d1cbac27 -> 
  custom:video-encoder-webm-vp8: eb34c28f22e8b96e1ab97ce403110664 -> 
  custom:video-decoder-webm-vp8: 9c59270c3fd7afecdb556c50c9e8de78 -> 
  custom:audio-decoder-ogg-vorbis: bf7c407c2cedff20999df2af8eb42d56 -> 
  custom:audio-encoder-webm-vorbis: bf7c407c2cedff20999df2af8eb42d56 -> 
========================================================================
Received Import Request.
  Time since last request: 1028.845850 seconds.
  path: Assets/Prefabs/Rocket.prefab
  artifactKey: Guid(82169fb5eac75114e9dae4d2dd916e6f) Importer(815301076,1909f56bfc062723c751e8b465ee728b)
Start importing Assets/Prefabs/Rocket.prefab using Guid(82169fb5eac75114e9dae4d2dd916e6f) Importer(815301076,1909f56bfc062723c751e8b465ee728b)  -> (artifact id: '62bc82cfa51df1a0838254f6f8ac2a89') in 0.059066 seconds 
  Import took 0.063263 seconds .

========================================================================
Received Import Request.
  Time since last request: 1.086298 seconds.
  path: Assets/Prefabs/Rocket.prefab
  artifactKey: Guid(82169fb5eac75114e9dae4d2dd916e6f) Importer(815301076,1909f56bfc062723c751e8b465ee728b)
Start importing Assets/Prefabs/Rocket.prefab using Guid(82169fb5eac75114e9dae4d2dd916e6f) Importer(815301076,1909f56bfc062723c751e8b465ee728b)  -> (artifact id: '62bc82cfa51df1a0838254f6f8ac2a89') in 0.012967 seconds 
  Import took 0.016262 seconds .

========================================================================
Received Prepare
Registering precompiled user dll's ...
Registered in 0.008925 seconds.
Begin MonoManager ReloadAssembly
Native extension for WindowsStandalone target not found
Refreshing native plugins compatible for Editor in 0.54 ms, found 2 plugins.
Preloading 0 native plugins for Editor in 0.00 ms.
Mono: successfully reloaded assembly
- Completed reload, in  0.913 seconds
Platform modules already initialized, skipping
Refreshing native plugins compatible for Editor in 0.64 ms, found 2 plugins.
Preloading 0 native plugins for Editor in 0.00 ms.
Unloading 1390 Unused Serialized files (Serialized files now loaded: 0)
System memory in use before: 68.2 MB.
System memory in use after: 68.3 MB.

Unloading 16 unused Assets to reduce memory usage. Loaded Objects now: 1847.
Total: 2.451300 ms (FindLiveObjects: 0.190800 ms CreateObjectMapping: 0.037300 ms MarkObjects: 2.121000 ms  DeleteObjects: 0.100800 ms)

AssetImportParameters requested are different than current active one (requested -> active):
  custom:framework-win-MediaFoundation: 216162199b28c13a410421893ffa2e32 -> 
  custom:video-decoder-ogg-theora: a1e56fd34408186e4bbccfd4996cb3dc -> 
  custom:container-muxer-webm: aa71ff27fc2769a1b78a27578f13a17b -> 
  custom:container-demuxer-webm: 4f35f7cbe854078d1ac9338744f61a02 -> 
  custom:container-demuxer-ogg: 62fdf1f143b41e24485cea50d1cbac27 -> 
  custom:video-encoder-webm-vp8: eb34c28f22e8b96e1ab97ce403110664 -> 
  custom:video-decoder-webm-vp8: 9c59270c3fd7afecdb556c50c9e8de78 -> 
  custom:audio-decoder-ogg-vorbis: bf7c407c2cedff20999df2af8eb42d56 -> 
  custom:audio-encoder-webm-vorbis: bf7c407c2cedff20999df2af8eb42d56 -> 
========================================================================
Received Prepare
Registering precompiled user dll's ...
Registered in 0.007867 seconds.
Begin MonoManager ReloadAssembly
Native extension for WindowsStandalone target not found
Refreshing native plugins compatible for Editor in 0.55 ms, found 2 plugins.
Preloading 0 native plugins for Editor in 0.00 ms.
Mono: successfully reloaded assembly
- Completed reload, in  0.904 seconds
Platform modules already initialized, skipping
Refreshing native plugins compatible for Editor in 0.58 ms, found 2 plugins.
Preloading 0 native plugins for Editor in 0.00 ms.
Unloading 1390 Unused Serialized files (Serialized files now loaded: 0)
System memory in use before: 68.2 MB.
System memory in use after: 68.3 MB.

Unloading 14 unused Assets to reduce memory usage. Loaded Objects now: 1850.
Total: 2.256800 ms (FindLiveObjects: 0.157600 ms CreateObjectMapping: 0.049200 ms MarkObjects: 1.983900 ms  DeleteObjects: 0.065000 ms)

AssetImportParameters requested are different than current active one (requested -> active):
  custom:framework-win-MediaFoundation: 216162199b28c13a410421893ffa2e32 -> 
  custom:video-decoder-ogg-theora: a1e56fd34408186e4bbccfd4996cb3dc -> 
  custom:container-muxer-webm: aa71ff27fc2769a1b78a27578f13a17b -> 
  custom:container-demuxer-webm: 4f35f7cbe854078d1ac9338744f61a02 -> 
  custom:container-demuxer-ogg: 62fdf1f143b41e24485cea50d1cbac27 -> 
  custom:video-encoder-webm-vp8: eb34c28f22e8b96e1ab97ce403110664 -> 
  custom:video-decoder-webm-vp8: 9c59270c3fd7afecdb556c50c9e8de78 -> 
  custom:audio-decoder-ogg-vorbis: bf7c407c2cedff20999df2af8eb42d56 -> 
  custom:audio-encoder-webm-vorbis: bf7c407c2cedff20999df2af8eb42d56 -> 
========================================================================
Received Import Request.
  Time since last request: 239.813811 seconds.
  path: Assets/Prefabs/Rocket.prefab
  artifactKey: Guid(82169fb5eac75114e9dae4d2dd916e6f) Importer(815301076,1909f56bfc062723c751e8b465ee728b)
Start importing Assets/Prefabs/Rocket.prefab using Guid(82169fb5eac75114e9dae4d2dd916e6f) Importer(815301076,1909f56bfc062723c751e8b465ee728b)  -> (artifact id: '4efb8c32dfe80d32192c88376916b949') in 0.055923 seconds 
  Import took 0.060460 seconds .

========================================================================
Received Import Request.
  Time since last request: 1.346367 seconds.
  path: Assets/Prefabs/Rocket.prefab
  artifactKey: Guid(82169fb5eac75114e9dae4d2dd916e6f) Importer(815301076,1909f56bfc062723c751e8b465ee728b)
Start importing Assets/Prefabs/Rocket.prefab using Guid(82169fb5eac75114e9dae4d2dd916e6f) Importer(815301076,1909f56bfc062723c751e8b465ee728b)  -> (artifact id: '4efb8c32dfe80d32192c88376916b949') in 0.015195 seconds 
  Import took 0.018163 seconds .

========================================================================
Received Prepare
Registering precompiled user dll's ...
Registered in 0.008502 seconds.
Begin MonoManager ReloadAssembly
Native extension for WindowsStandalone target not found
Refreshing native plugins compatible for Editor in 0.55 ms, found 2 plugins.
Preloading 0 native plugins for Editor in 0.00 ms.
Mono: successfully reloaded assembly
- Completed reload, in  0.904 seconds
Platform modules already initialized, skipping
Refreshing native plugins compatible for Editor in 0.58 ms, found 2 plugins.
Preloading 0 native plugins for Editor in 0.00 ms.
Unloading 1390 Unused Serialized files (Serialized files now loaded: 0)
System memory in use before: 68.2 MB.
System memory in use after: 68.3 MB.

Unloading 16 unused Assets to reduce memory usage. Loaded Objects now: 1854.
Total: 3.687900 ms (FindLiveObjects: 0.288300 ms CreateObjectMapping: 0.073600 ms MarkObjects: 3.221000 ms  DeleteObjects: 0.103800 ms)

AssetImportParameters requested are different than current active one (requested -> active):
  custom:framework-win-MediaFoundation: 216162199b28c13a410421893ffa2e32 -> 
  custom:video-decoder-ogg-theora: a1e56fd34408186e4bbccfd4996cb3dc -> 
  custom:container-muxer-webm: aa71ff27fc2769a1b78a27578f13a17b -> 
  custom:container-demuxer-webm: 4f35f7cbe854078d1ac9338744f61a02 -> 
  custom:container-demuxer-ogg: 62fdf1f143b41e24485cea50d1cbac27 -> 
  custom:video-encoder-webm-vp8: eb34c28f22e8b96e1ab97ce403110664 -> 
  custom:video-decoder-webm-vp8: 9c59270c3fd7afecdb556c50c9e8de78 -> 
  custom:audio-decoder-ogg-vorbis: bf7c407c2cedff20999df2af8eb42d56 -> 
  custom:audio-encoder-webm-vorbis: bf7c407c2cedff20999df2af8eb42d56 -> 
========================================================================
Received Import Request.
  Time since last request: 408.679055 seconds.
  path: Assets/Artwork/Materials/SkyGradient.mat
  artifactKey: Guid(d20211113c011cf4388c115a65b91e93) Importer(815301076,1909f56bfc062723c751e8b465ee728b)
Start importing Assets/Artwork/Materials/SkyGradient.mat using Guid(d20211113c011cf4388c115a65b91e93) Importer(815301076,1909f56bfc062723c751e8b465ee728b)  -> (artifact id: 'ff1a8f25e7787a0268678191b55d574a') in 0.077905 seconds 
  Import took 0.081833 seconds .

========================================================================
Received Import Request.
  Time since last request: 4.188558 seconds.
  path: Assets/Artwork/Materials/clouds.mat
  artifactKey: Guid(ad33f1856cbea3242a3fc350bfb82db8) Importer(815301076,1909f56bfc062723c751e8b465ee728b)
Start importing Assets/Artwork/Materials/clouds.mat using Guid(ad33f1856cbea3242a3fc350bfb82db8) Importer(815301076,1909f56bfc062723c751e8b465ee728b)  -> (artifact id: '701fc604f4b446bccbe107fedc590e89') in 0.030699 seconds 
  Import took 0.035000 seconds .

========================================================================
Received Import Request.
  Time since last request: 3.011257 seconds.
  path: Assets/Materials/RocketsPalletteRed.mat
  artifactKey: Guid(e941d0d6425697b499256f89933a0df2) Importer(815301076,1909f56bfc062723c751e8b465ee728b)
Start importing Assets/Materials/RocketsPalletteRed.mat using Guid(e941d0d6425697b499256f89933a0df2) Importer(815301076,1909f56bfc062723c751e8b465ee728b)  -> (artifact id: 'd5505e6074f2b0f2bad0683bbfc7e0c5') in 0.024001 seconds 
  Import took 0.028278 seconds .

========================================================================
Received Import Request.
  Time since last request: 108.339283 seconds.
  path: Assets/Models/Rocket06.fbx
  artifactKey: Guid(0094b425812d49548913a84e817fac7e) Importer(815301076,1909f56bfc062723c751e8b465ee728b)
Start importing Assets/Models/Rocket06.fbx using Guid(0094b425812d49548913a84e817fac7e) Importer(815301076,1909f56bfc062723c751e8b465ee728b)  -> (artifact id: 'b6d54d9834e5499247e1ee9b4aecf79e') in 0.063051 seconds 
  Import took 0.066777 seconds .

========================================================================
Received Import Request.
  Time since last request: 1.302344 seconds.
  path: Assets/Artwork/clouds.png
  artifactKey: Guid(8f77cd2b605a27d4faac1dc631eca155) Importer(815301076,1909f56bfc062723c751e8b465ee728b)
Start importing Assets/Artwork/clouds.png using Guid(8f77cd2b605a27d4faac1dc631eca155) Importer(815301076,1909f56bfc062723c751e8b465ee728b)  -> (artifact id: '63a4f57dc5cefddbdaab090184c7c3a9') in 0.025827 seconds 
  Import took 0.029530 seconds .

========================================================================
Received Import Request.
  Time since last request: 0.000402 seconds.
  path: Assets/Artwork/grungeHazard.png
  artifactKey: Guid(da99f547196b81e45ab1efe34e166d5a) Importer(815301076,1909f56bfc062723c751e8b465ee728b)
Start importing Assets/Artwork/grungeHazard.png using Guid(da99f547196b81e45ab1efe34e166d5a) Importer(815301076,1909f56bfc062723c751e8b465ee728b)  -> (artifact id: 'b4835632e566ba539eedf65a8a6bb608') in 0.033237 seconds 
  Import took 0.036084 seconds .

========================================================================
Received Import Request.
  Time since last request: 0.000388 seconds.
  path: Assets/Artwork/DBTitle.png
  artifactKey: Guid(96442153ac7c6674ea721053c268c520) Importer(815301076,1909f56bfc062723c751e8b465ee728b)
Start importing Assets/Artwork/DBTitle.png using Guid(96442153ac7c6674ea721053c268c520) Importer(815301076,1909f56bfc062723c751e8b465ee728b)  -> (artifact id: 'f23e222efbe84a441aaad974602c39f0') in 0.027212 seconds 
  Import took 0.030206 seconds .

========================================================================
Received Import Request.
  Time since last request: 0.000363 seconds.
  path: Assets/Artwork/RocketsPalletteRed.png
  artifactKey: Guid(87b14570171a8be458a29df2cd70f078) Importer(815301076,1909f56bfc062723c751e8b465ee728b)
Start importing Assets/Artwork/RocketsPalletteRed.png using Guid(87b14570171a8be458a29df2cd70f078) Importer(815301076,1909f56bfc062723c751e8b465ee728b)  -> (artifact id: '09c8c28b77b6ddc782760f332592133c') in 0.018420 seconds 
  Import took 0.022649 seconds .

========================================================================
Received Import Request.
  Time since last request: 0.000370 seconds.
  path: Assets/Artwork/skull.png
  artifactKey: Guid(460cd39ca6364ec44bc8cbdecfa5b459) Importer(815301076,1909f56bfc062723c751e8b465ee728b)
Start importing Assets/Artwork/skull.png using Guid(460cd39ca6364ec44bc8cbdecfa5b459) Importer(815301076,1909f56bfc062723c751e8b465ee728b)  -> (artifact id: '5fa528e2c94cfed958c4ce5647374eb6') in 0.021495 seconds 
  Import took 0.025349 seconds .

========================================================================
Received Import Request.
  Time since last request: 0.000400 seconds.
  path: Assets/Artwork/RocketsPalletteRed.png
  artifactKey: Guid(87b14570171a8be458a29df2cd70f078) Importer(815301076,1909f56bfc062723c751e8b465ee728b)
Start importing Assets/Artwork/RocketsPalletteRed.png using Guid(87b14570171a8be458a29df2cd70f078) Importer(815301076,1909f56bfc062723c751e8b465ee728b)  -> (artifact id: '09c8c28b77b6ddc782760f332592133c') in 0.010706 seconds 
  Import took 0.014591 seconds .

========================================================================
Received Import Request.
  Time since last request: 0.000411 seconds.
  path: Assets/Artwork/SkyGradient.png
  artifactKey: Guid(0d46da7c624049c4891430a5ecc4f068) Importer(815301076,1909f56bfc062723c751e8b465ee728b)
Start importing Assets/Artwork/SkyGradient.png using Guid(0d46da7c624049c4891430a5ecc4f068) Importer(815301076,1909f56bfc062723c751e8b465ee728b)  -> (artifact id: '732411f0a4263fe8e9ddf00f47a57a49') in 0.019336 seconds 
  Import took 0.023206 seconds .

========================================================================
Received Import Request.
  Time since last request: 1.740096 seconds.
  path: Assets/Materials/Flame.psd
  artifactKey: Guid(b260cbc8d9bc048bd8834c7a1b5aed36) Importer(815301076,1909f56bfc062723c751e8b465ee728b)
Start importing Assets/Materials/Flame.psd using Guid(b260cbc8d9bc048bd8834c7a1b5aed36) Importer(815301076,1909f56bfc062723c751e8b465ee728b)  -> (artifact id: 'b5d007bb9448c1c7d17596d64bb67573') in 0.023188 seconds 
  Import took 0.027228 seconds .

========================================================================
Received Import Request.
  Time since last request: 0.000356 seconds.
  path: Assets/Materials/Flame01.mat
  artifactKey: Guid(b1ca011c5f92d4fd4b5aeac44fd607c6) Importer(815301076,1909f56bfc062723c751e8b465ee728b)
Start importing Assets/Materials/Flame01.mat using Guid(b1ca011c5f92d4fd4b5aeac44fd607c6) Importer(815301076,1909f56bfc062723c751e8b465ee728b)  -> (artifact id: '4ba3426d0d7c52aea2f8e200af47359f') in 0.052184 seconds 
  Import took 0.055685 seconds .

========================================================================
Received Import Request.
  Time since last request: 1.029195 seconds.
  path: Assets/Prefabs/Rocket.prefab
  artifactKey: Guid(82169fb5eac75114e9dae4d2dd916e6f) Importer(815301076,1909f56bfc062723c751e8b465ee728b)
Start importing Assets/Prefabs/Rocket.prefab using Guid(82169fb5eac75114e9dae4d2dd916e6f) Importer(815301076,1909f56bfc062723c751e8b465ee728b)  -> (artifact id: '6316e8c93decca09be6ee4c8636b9837') in 0.021180 seconds 
  Import took 0.025182 seconds .

========================================================================
Received Import Request.
  Time since last request: 408.464791 seconds.
  path: Assets/Prefabs/Rocket.prefab
  artifactKey: Guid(82169fb5eac75114e9dae4d2dd916e6f) Importer(815301076,1909f56bfc062723c751e8b465ee728b)
Start importing Assets/Prefabs/Rocket.prefab using Guid(82169fb5eac75114e9dae4d2dd916e6f) Importer(815301076,1909f56bfc062723c751e8b465ee728b)  -> (artifact id: 'd823844909b84cf3dc50dee3e65d1e07') in 0.034220 seconds 
  Import took 0.039192 seconds .

========================================================================
Received Import Request.
  Time since last request: 0.003635 seconds.
  path: Assets/Prefabs/Rocket.prefab
  artifactKey: Guid(82169fb5eac75114e9dae4d2dd916e6f) Importer(815301076,1909f56bfc062723c751e8b465ee728b)
Start importing Assets/Prefabs/Rocket.prefab using Guid(82169fb5eac75114e9dae4d2dd916e6f) Importer(815301076,1909f56bfc062723c751e8b465ee728b)  -> (artifact id: 'd823844909b84cf3dc50dee3e65d1e07') in 0.020548 seconds 
  Import took 0.024743 seconds .

========================================================================
Received Prepare
Registering precompiled user dll's ...
Registered in 0.009923 seconds.
Begin MonoManager ReloadAssembly
Native extension for WindowsStandalone target not found
Refreshing native plugins compatible for Editor in 0.71 ms, found 2 plugins.
Preloading 0 native plugins for Editor in 0.00 ms.
Mono: successfully reloaded assembly
- Completed reload, in  0.939 seconds
Platform modules already initialized, skipping
Refreshing native plugins compatible for Editor in 0.59 ms, found 2 plugins.
Preloading 0 native plugins for Editor in 0.00 ms.
Unloading 1390 Unused Serialized files (Serialized files now loaded: 0)
System memory in use before: 68.7 MB.
System memory in use after: 68.8 MB.

Unloading 16 unused Assets to reduce memory usage. Loaded Objects now: 1899.
Total: 3.620200 ms (FindLiveObjects: 0.292400 ms CreateObjectMapping: 0.073200 ms MarkObjects: 3.152400 ms  DeleteObjects: 0.100600 ms)

AssetImportParameters requested are different than current active one (requested -> active):
  custom:framework-win-MediaFoundation: 216162199b28c13a410421893ffa2e32 -> 
  custom:video-decoder-ogg-theora: a1e56fd34408186e4bbccfd4996cb3dc -> 
  custom:container-muxer-webm: aa71ff27fc2769a1b78a27578f13a17b -> 
  custom:container-demuxer-webm: 4f35f7cbe854078d1ac9338744f61a02 -> 
  custom:container-demuxer-ogg: 62fdf1f143b41e24485cea50d1cbac27 -> 
  custom:video-encoder-webm-vp8: eb34c28f22e8b96e1ab97ce403110664 -> 
  custom:video-decoder-webm-vp8: 9c59270c3fd7afecdb556c50c9e8de78 -> 
  custom:audio-decoder-ogg-vorbis: bf7c407c2cedff20999df2af8eb42d56 -> 
  custom:audio-encoder-webm-vorbis: bf7c407c2cedff20999df2af8eb42d56 -> 
========================================================================
Received Import Request.
  Time since last request: 904.241793 seconds.
  path: Assets/Prefabs/Rocket.prefab
  artifactKey: Guid(82169fb5eac75114e9dae4d2dd916e6f) Importer(815301076,1909f56bfc062723c751e8b465ee728b)
Start importing Assets/Prefabs/Rocket.prefab using Guid(82169fb5eac75114e9dae4d2dd916e6f) Importer(815301076,1909f56bfc062723c751e8b465ee728b)  -> (artifact id: 'b25daaafcdd135c2aaf99beafd6e6814') in 0.157621 seconds 
  Import took 0.164541 seconds .

AssetImportWorkerClient::OnTransportError - code=2 error=End of file
